<?xml version="1.0" encoding="UTF-8"?>
<!-- Generated by org.testng.reporters.JUnitReportReporter -->
<testsuite skipped="0" hostname="DESKTOP-VF2A377" name="ContainerTest.newTest" tests="1" failures="0" timestamp="26 Jul 2022 09:17:25 GMT" time="14.492" errors="0">
  <testcase name="test1" time="14.492" classname="ContainerTest.newTest"/>
</testsuite> <!-- ContainerTest.newTest -->
